<?xml version="1.0" encoding="UTF-8"?>
<!-- Generated by org.testng.reporters.JUnitReportReporter -->
<testsuite skipped="0" hostname="LAPTOP-PQ79RKAL" name="dockerValidation.ScaleFirefox" tests="1" failures="0" timestamp="05 Nov 2019 23:15:05 GMT" time="15.065" errors="0">
  <testcase name="scaleFF" time="15.065" classname="dockerValidation.ScaleFirefox"/>
</testsuite> <!-- dockerValidation.ScaleFirefox -->
