<?xml version="1.0" encoding="UTF-8"?>
<!-- Generated by org.testng.reporters.JUnitReportReporter -->
<testsuite skipped="0" hostname="LAPTOP-PQ79RKAL" name="dockerValidation.ChromeTest1" tests="1" failures="0" timestamp="12 Nov 2019 17:45:29 GMT" time="55.247" errors="0">
  <testcase name="chromeTest1" time="55.247" classname="dockerValidation.ChromeTest1"/>
</testsuite> <!-- dockerValidation.ChromeTest1 -->
