<?xml version="1.0" encoding="UTF-8"?>
<!-- Generated by org.testng.reporters.JUnitReportReporter -->
<testsuite skipped="0" hostname="LAPTOP-PQ79RKAL" name="dockerValidation.ChromeTest3" tests="1" failures="0" timestamp="05 Nov 2019 02:06:49 GMT" time="806.815" errors="0">
  <testcase name="chromeTest3" time="806.815" classname="dockerValidation.ChromeTest3"/>
</testsuite> <!-- dockerValidation.ChromeTest3 -->
