<?xml version="1.0" encoding="UTF-8"?>
<!-- Generated by org.testng.reporters.JUnitReportReporter -->
<testsuite hostname="LAPTOP-PQ79RKAL" failures="0" tests="1" name="dockerValidation.FirefoxTest" time="43.763" errors="0" timestamp="27 May 2019 05:57:05 GMT" skipped="0">
  <testcase classname="dockerValidation.FirefoxTest" name="chromeTest1" time="43.763"/>
</testsuite> <!-- dockerValidation.FirefoxTest -->
