<?xml version="1.0" encoding="UTF-8"?>
<!-- Generated by org.testng.reporters.JUnitReportReporter -->
<testsuite skipped="0" hostname="LAPTOP-PQ79RKAL" name="dockerValidation.ChromeTest2" tests="1" failures="0" timestamp="05 Nov 2019 02:06:49 GMT" time="803.647" errors="0">
  <testcase name="chromeTest2" time="803.647" classname="dockerValidation.ChromeTest2"/>
</testsuite> <!-- dockerValidation.ChromeTest2 -->
