<?xml version="1.0" encoding="UTF-8"?>
<!-- Generated by org.testng.reporters.JUnitReportReporter -->
<testsuite skipped="0" hostname="LAPTOP-PQ79RKAL" name="dockerValidation.StartDocker" tests="1" failures="0" timestamp="05 Nov 2019 23:05:32 GMT" time="27.127" errors="0">
  <testcase name="startFile" time="27.127" classname="dockerValidation.StartDocker"/>
</testsuite> <!-- dockerValidation.StartDocker -->
