<?xml version="1.0" encoding="UTF-8"?>
<!-- Generated by org.testng.reporters.JUnitReportReporter -->
<testsuite hostname="LAPTOP-PQ79RKAL" failures="0" tests="1" name="dockerValidation.StartDocker" time="26.994" errors="0" timestamp="10 Jun 2019 18:54:36 GMT" skipped="0">
  <testcase classname="dockerValidation.StartDocker" name="startFile" time="26.994"/>
</testsuite> <!-- dockerValidation.StartDocker -->
