<?xml version="1.0" encoding="UTF-8"?>
<!-- Generated by org.testng.reporters.JUnitReportReporter -->
<testsuite hostname="LAPTOP-PQ79RKAL" failures="0" tests="1" name="dockerValidation.Clear" time="5.028" errors="0" timestamp="07 Jun 2019 19:21:48 GMT" skipped="0">
  <testcase classname="dockerValidation.Clear" name="clear" time="5.028"/>
</testsuite> <!-- dockerValidation.Clear -->
