<?xml version="1.0" encoding="UTF-8"?>
<!-- Generated by org.testng.reporters.JUnitReportReporter -->
<testsuite hostname="LAPTOP-PQ79RKAL" failures="0" tests="1" name="dockerValidation.ChromeTest1" time="6.913" errors="0" timestamp="12 Jun 2019 18:02:36 GMT" skipped="0">
  <testcase classname="dockerValidation.ChromeTest1" name="chromeTest1" time="6.913"/>
</testsuite> <!-- dockerValidation.ChromeTest1 -->
