<?xml version="1.0" encoding="UTF-8"?>
<!-- Generated by org.testng.reporters.JUnitReportReporter -->
<testsuite skipped="0" hostname="LAPTOP-PQ79RKAL" name="dockerValidation.ChromeTest1" tests="1" failures="0" timestamp="13 Jun 2019 16:52:17 GMT" time="13.928" errors="0">
  <testcase name="chromeTest1" time="13.928" classname="dockerValidation.ChromeTest1"/>
</testsuite> <!-- dockerValidation.ChromeTest1 -->
