<?xml version="1.0" encoding="UTF-8"?>
<!-- Generated by org.testng.reporters.JUnitReportReporter -->
<testsuite skipped="0" hostname="LAPTOP-PQ79RKAL" name="dockerValidation.ChromeTest3" tests="1" failures="0" timestamp="13 Jun 2019 16:52:17 GMT" time="22.322" errors="0">
  <testcase name="chromeTest3" time="22.322" classname="dockerValidation.ChromeTest3"/>
</testsuite> <!-- dockerValidation.ChromeTest3 -->
