<?xml version="1.0" encoding="UTF-8"?>
<!-- Generated by org.testng.reporters.JUnitReportReporter -->
<testsuite skipped="0" hostname="LAPTOP-PQ79RKAL" name="dockerValidation.ChromeTest2" tests="1" failures="0" timestamp="13 Jun 2019 16:52:17 GMT" time="17.238" errors="0">
  <testcase name="chromeTest2" time="17.238" classname="dockerValidation.ChromeTest2"/>
</testsuite> <!-- dockerValidation.ChromeTest2 -->
